
#########################
# notable-solutions.log #
#########################

                        Sect sizes :  6 7 5 2 7 4 2 6
Number of MCs Each Sect Belongs To :  1 2 2 1 2 1 2 1
        Number of Sects in Each MC :  2 2 3 3 2

Printing all solutions:
6 0 5 2 0 4 2 2
0 7 0 0 7 0 0 4
184







                        Sect sizes :   3 4 5 1 2 1

Number of MCs Each Sect Belongs To :   1 2 3 3 2 1
Number of Sects in Each Mxml Clq :   3 o-o-o
                                     3   o-o-o
                                     3     o-o-o
                                     3       o-o-o

Number of Comparisons to Make: 1440
Printing all solutions:
3 2 0 1 2 0
3 3 0 1 2 0
0 1 5 0 0 1
0 2 5 0 0 1
55


                        Sect sizes :   7 4 5 1 2 1

Number of MCs Each Sect Belongs To :   1 2 3 3 2 1
Number of Sects in Each Mxml Clq :   3 o-o-o
                                     3   o-o-o
                                     3     o-o-o
                                     3       o-o-o

Number of Comparisons to Make: 2880
Printing all solutions:
7 0 0 1 2 0
7 1 0 1 2 0
0 3 5 0 0 1
0 4 5 0 0 1
85


                        Sect sizes :   3 7 5 1 2 1

Number of MCs Each Sect Belongs To :   1 2 3 3 2 1
Number of Sects in Each Mxml Clq :   3 o-o-o
                                     3   o-o-o
                                     3     o-o-o
                                     3       o-o-o

Number of Comparisons to Make: 2304
Printing all solutions:
0 7 0 0 2 0
1 7 0 0 2 0
3 4 0 1 2 0
0 3 5 0 0 1
2 0 5 1 0 1
3 0 5 1 0 1
77


                        Sect sizes :   3 4 7 1 2 1

Number of MCs Each Sect Belongs To :   1 2 3 3 2 1
Number of Sects in Each Mxml Clq :   3 o-o-o
                                     3   o-o-o
                                     3     o-o-o
                                     3       o-o-o

Number of Comparisons to Make: 1920
Printing all solutions:
3 3 0 1 2 0
3 4 0 1 2 0
0 0 7 0 0 1
0 1 7 0 0 1
73


                        Sect sizes :   3 4 5 7 2 1

Number of MCs Each Sect Belongs To :   1 2 3 3 2 1
Number of Sects in Each Mxml Clq :   3 o-o-o
                                     3   o-o-o
                                     3     o-o-o
                                     3       o-o-o

Number of Comparisons to Make: 5760
Printing all solutions:
3 0 0 7 0 0
3 0 1 7 0 0
3 0 0 7 1 0
0 4 5 0 1 1
0 4 4 0 2 1
0 4 5 0 2 1
111


                        Sect sizes :   3 4 5 1 7 1

Number of MCs Each Sect Belongs To :   1 2 3 3 2 1
Number of Sects in Each Mxml Clq :   3 o-o-o
                                     3   o-o-o
                                     3     o-o-o
                                     3       o-o-o

Number of Comparisons to Make: 3840
Printing all solutions:
2 4 0 0 7 0
1 0 5 1 0 1
89


                        Sect sizes :   3 4 5 1 2 7

Number of MCs Each Sect Belongs To :   1 2 3 3 2 1
Number of Sects in Each Mxml Clq :   3 o-o-o
                                     3   o-o-o
                                     3     o-o-o
                                     3       o-o-o

Number of Comparisons to Make: 5760
Printing all solutions:
3 2 0 1 2 2
3 3 0 1 2 2
0 1 5 0 0 5
0 2 5 0 0 5
77


















                        Sect sizes :   1 2 3 4 5 6 5 4 3 2 1 

Number of MCs Each Sect Belongs To :   1 2 3 4 5 6 5 4 3 2 1 
Number of Sects in Each Mxml Clq :   6 o-o-o-o-o-o           21
                                     6   o-o-o-o-o-o         25
                                     6     o-o-o-o-o-o       27
                                     6       o-o-o-o-o-o     27
                                     6         o-o-o-o-o-o   25
                                     6           o-o-o-o-o-o 21
20 48 81 116 150 180 150 116 81 48 20
0 1 3 6 10 15 10 6 3 1 0 
20 49 84 122 160 195 160 122 84 49 20 

Printing all solutions:
0 0 0 0 5 6 5 0 0 0 0 
0 0 0 1 5 6 5 0 0 0 0 
0 0 0 0 5 6 5 1 0 0 0 
1 2 3 4 0 0 0 3 3 2 1 
1 2 3 3 0 0 0 4 3 2 1 
1 2 3 4 0 0 0 4 3 2 1 

310

288
                        Sect sizes :   1 2 3 4 5 4 3 2 1 

Number of MCs Each Sect Belongs To :   1 2 3 4 5 4 3 2 1 
Number of Sects in Each Mxml Clq :   5 o-o-o-o-o         15
                                     5   o-o-o-o-o       18
                                     5     o-o-o-o-o     19
                                     5       o-o-o-o-o   18
                                     5         o-o-o-o-o 15
14 34 57 80 100 80 57 34 14 
0 1 3 6 10 6 3 1 0 
14 35 60 86 110 86 60 35 14 

Printing all solutions:
0 0 0 4 5 3 0 0 0 
0 0 0 3 5 4 0 0 0 
1 2 3 1 0 0 3 2 1 
1 2 3 0 0 1 3 2 1 

149

138
                        Sect sizes :   1 2 3 4 3 2 1 

Number of MCs Each Sect Belongs To :   1 2 3 4 3 2 1
Number of Sects in Each Mxml Clq :   4 o-o-o-o       10
                                     4   o-o-o-o     12
                                     4     o-o-o-o   12
                                     4       o-o-o-o 10
9 22 36 48 36 22 9 
0 1 3 6 3 1 0 
9 23 39 54 39 23 9 

Printing all solutions:
1 0 0 4 3 0 0
1 2 0 0 3 2 0 
0 0 3 4 0 0 1
0 2 3 0 0 2 1

61

57
                        Sect sizes :   1 2 3 2 1 

Number of MCs Each Sect Belongs To :   1 2 3 2 1
Number of Sects in Each Mxml Clq :   3 o-o-o     6
                                     3   o-o-o   7
                                     3     o-o-o 6
5 12 18 12 5 
0 1 3 1 0 
5 13 21 13 5

Printing all solutions:
0 1 3 0 0 
0 0 3 1 0
1 0 1 2 0 
1 0 2 2 0
0 2 1 0 1
0 2 2 0 1
1 2 0 1 1
1 1 0 2 1 

19

18
                        Sect sizes :   1 2 1

Number of MCs Each Sect Belongs To :   1 2 1
Number of Sects in Each Mxml Clq :   2 o-o   3
                                     2   o-o 3
2 4 2
0 1 0
2 5 2

Printing all solutions:
0 2 0
1 0 1

4

3
                        Sect sizes :   1

Number of MCs Each Sect Belongs To :   1
Number of Sects in Each Mxml Clq :   1 o 1
0
0
0

Printing all solutions:
0
1

0

0











                        Sect sizes :   1 1 1 1 1 1 1 1 1 1 1 1 1 

Number of MCs Each Sect Belongs To :   1 2 3 4 5 6 7 6 5 4 3 2 1  
Number of Sects in Each Mxml Clq :   7 o-o-o-o-o-o-o             7
                                     7   o-o-o-o-o-o-o           7
                                     7     o-o-o-o-o-o-o         7
                                     7       o-o-o-o-o-o-o       7
                                     7         o-o-o-o-o-o-o     7
                                     7           o-o-o-o-o-o-o   7
                                     7             o-o-o-o-o-o-o 7
6 7 8 9 10 11 12 11 10 9 8 7 6
0 0 0 0 0 0 0 0 0 0 0 0 0 
6 7 8 9 10 11 12 11 10 9 8 7 6 

Printing all solutions:
0 0 0 1 1 1 1 0 0 0 0 1 1 
1 1 1 0 0 0 0 1 1 1 1 0 0 
1 1 0 0 0 0 1 1 1 1 0 0 0
0 0 1 1 1 1 0 0 0 0 1 1 1

0 0 0 1 1 1 1 1 0 0 0 0 1
1 1 1 0 0 0 0 0 1 1 1 1 0 
1 0 0 0 0 1 1 1 1 1 0 0 0 
0 1 1 1 1 0 0 0 0 0 1 1 1

0 0 1 1 1 1 1 0 0 0 0 1 1 
1 1 0 0 0 0 0 1 1 1 1 0 0
1 1 0 0 0 0 1 1 1 1 1 0 0 
0 0 1 1 1 1 0 0 0 0 0 1 1 


35

30
                        Sect sizes :   1 1 1 1 1 1 1 1 1 1 1 

Number of MCs Each Sect Belongs To :   1 2 3 4 5 6 5 4 3 2 1
Number of Sects in Each Mxml Clq :   6 o-o-o-o-o-o           6
                                     6   o-o-o-o-o-o         6
                                     6     o-o-o-o-o-o       6
                                     6       o-o-o-o-o-o     6
                                     6         o-o-o-o-o-o   6
                                     6           o-o-o-o-o-o 6
5 6 7 8 9 10 9 8 7 6 5 
0 0 0 0 0 0 0 0 0 0 0 
5 6 7 8 9 10 9 8 7 6 5 

Printing all solutions:
0 0 0 1 1 1 1 0 0 0 1
1 1 1 0 0 0 0 1 1 1 0 
1 0 0 0 1 1 1 1 0 0 0
0 1 1 1 0 0 0 0 1 1 1 

0 0 1 1 1 1 0 0 0 0 1 
1 1 0 0 0 0 1 1 1 1 0 
1 0 0 0 0 1 1 1 1 0 0 
0 1 1 1 1 0 0 0 0 1 1 

0 0 1 1 1 1 0 0 0 1 1 
1 1 0 0 0 0 1 1 1 0 0 
1 1 0 0 0 1 1 1 1 0 0 
0 0 1 1 1 0 0 0 0 1 1 

25

24
                        Sect sizes :   1 1 1 1 1 1 1 1 1 

Number of MCs Each Sect Belongs To :   1 2 3 4 5 4 3 2 1 
Number of Sects in Each Mxml Clq :   5 o-o-o-o-o         5
                                     5   o-o-o-o-o       5
                                     5     o-o-o-o-o     5
                                     5       o-o-o-o-o   5
                                     5         o-o-o-o-o 5
4 5 6 7 8 7 6 5 4 
0 0 0 0 0 0 0 0 0
4 5 6 7 8 7 6 5 4 

Printing all solutions: 
0 0 1 1 1 0 0 0 1 
1 1 0 0 0 1 1 1 0
1 0 0 0 1 1 1 0 0
0 1 1 1 0 0 0 1 1 

17

14
                        Sect sizes :   1 1 1 1 1 1 1 

Number of MCs Each Sect Belongs To :   1 2 3 4 3 2 1
Number of Sects in Each Mxml Clq :   4 o-o-o-o       4
                                     4   o-o-o-o     4
                                     4     o-o-o-o   4
                                     4       o-o-o-o 4
3 4 5 6 5 4 3
0 0 0 0 0 0 0 
3 4 5 6 5 4 3 

Printing all solutions:
0 0 1 1 0 0 1
1 1 0 0 1 1 0 
1 0 0 1 1 0 0
0 1 1 0 0 1 1 

0 0 1 1 1 0 0 
1 1 0 0 0 1 1

0 1 0 1 0 1 0
1 0 1 0 1 0 1

0 1 1 1 0 0 1 
0 1 1 0 0 0 1 
1 0 0 1 1 1 0
1 0 0 0 1 1 0 

10

10
                        Sect sizes :   1 1 1 1 1

Number of MCs Each Sect Belongs To :   1 2 3 2 1
Number of Sects in Each Mxml Clq :   3 o-o-o     3
                                     3   o-o-o   3
                                     3     o-o-o 3
2 3 4 3 2
0 0 0 0 0
2 3 4 3 2

Printing all solutions:
0 1 1 0 0
1 0 0 1 1
0 0 1 1 0
1 1 0 0 1 

0 1 1 0 1
1 0 0 1 0
1 0 1 1 0 
0 1 0 0 1

5

4
                        Sect sizes :   1 1 1

Number of MCs Each Sect Belongs To :   1 2 1
Number of Sects in Each Mxml Clq :   2 o-o   2
                                     2   o-o 2
1 2 1
0 0 0 
1 2 1

Printing all solutions:
0 1 0
1 0 1

2

2
                        Sect sizes :   1

Number of MCs Each Sect Belongs To :   1
Number of Sects in Each Mxml Clq :   1 o 1
0
0
0

Printing all solutions:
0
1

0

0